2017-09-30T03:44:41.403Z - normal: Load ~/.CocosCreator/settings.json
2017-09-30T03:44:41.409Z - normal: checking language setting...
2017-09-30T03:44:41.411Z - normal: Language: en
2017-09-30T03:44:43.420Z - success: protocol editor-framework registered
2017-09-30T03:44:43.420Z - success: protocol app registered
2017-09-30T03:44:43.420Z - success: protocol theme registered
2017-09-30T03:44:43.420Z - success: protocol profile registered
2017-09-30T03:44:43.420Z - success: protocol packages registered
2017-09-30T03:44:43.421Z - success: protocol unpack registerred
2017-09-30T03:44:43.421Z - success: protocol disable-commonjs registerred
2017-09-30T03:44:43.868Z - normal: connected!
2017-09-30T03:44:43.872Z - normal: Check project C:\Users\student\Desktop\start_project-1
2017-09-30T03:44:43.875Z - normal: Initializing Cocos2d
2017-09-30T03:44:44.227Z - normal: Initializing Asset Database
2017-09-30T03:44:44.278Z - success: protocol uuid registerred
2017-09-30T03:44:44.279Z - success: protocol db registerred
2017-09-30T03:44:44.279Z - success: protocol thumbnail registerred
2017-09-30T03:44:44.279Z - normal: Loading editor/builtin packages
2017-09-30T03:44:44.313Z - success: anysdk loaded
2017-09-30T03:44:44.524Z - success: assets loaded
2017-09-30T03:44:44.527Z - success: builder loaded
2017-09-30T03:44:44.531Z - success: hierarchy loaded
2017-09-30T03:44:44.534Z - success: inspector loaded
2017-09-30T03:44:44.536Z - success: keystore loaded
2017-09-30T03:44:44.542Z - success: node-library loaded
2017-09-30T03:44:44.544Z - success: package-asset loaded
2017-09-30T03:44:44.547Z - success: preferences loaded
2017-09-30T03:44:44.549Z - success: project-exporter loaded
2017-09-30T03:44:44.569Z - success: project-importer loaded
2017-09-30T03:44:44.572Z - success: project-settings loaded
2017-09-30T03:44:44.576Z - success: ui-kit loaded
2017-09-30T03:44:44.579Z - success: ui-grid loaded
2017-09-30T03:44:44.590Z - success: scene loaded
2017-09-30T03:44:44.595Z - success: sprite-editor loaded
2017-09-30T03:44:44.600Z - success: store loaded
2017-09-30T03:44:44.608Z - success: timeline loaded
2017-09-30T03:44:44.608Z - normal: Loading builtin packages
2017-09-30T03:44:44.612Z - success: asset-db-debugger loaded
2017-09-30T03:44:44.612Z - success: color-picker loaded
2017-09-30T03:44:44.617Z - success: console loaded
2017-09-30T03:44:44.619Z - success: package-manager loaded
2017-09-30T03:44:44.626Z - success: sdkbox loaded
2017-09-30T03:44:44.630Z - success: tester loaded
2017-09-30T03:44:44.633Z - success: ui-kit-preview-extra loaded
2017-09-30T03:44:44.635Z - success: ui-kit-preview loaded
2017-09-30T03:44:44.639Z - success: ui-tree loaded
2017-09-30T03:44:46.241Z - normal: Initializing project C:\Users\student\Desktop\start_project-1
2017-09-30T03:44:46.269Z - normal: Loading packages
2017-09-30T03:44:46.279Z - normal: Watching packages
2017-09-30T03:44:46.303Z - normal: Run Application
2017-09-30T03:44:48.696Z - success: preview server running at http://localhost:7456
2017-09-30T03:44:58.874Z - normal: 1.6.1
2017-09-30T06:41:37.734Z - info: shutdown preview server
